<?xml version="1.0" encoding="UTF-8"?>
<robot generator="Robot 3.1.2 (Python 3.8.0 on win32)" generated="20191027 16:26:10.855" rpa="false">
<suite id="s1" name="Workshop-Day1" source="C:\Users\Workshop\eclipse-workspace\Workshop-Day1">
<suite id="s1-s1" name="Demo Variable" source="C:\Users\Workshop\eclipse-workspace\Workshop-Day1\Demo_Variable.robot">
<test id="s1-s1-t1" name="Demo Scalar">
<kw name="Set Variable" library="BuiltIn">
<doc>Returns the given values which can then be assigned to a variables.</doc>
<arguments>
<arg>John</arg>
</arguments>
<assign>
<var>${username}</var>
</assign>
<msg timestamp="20191027 16:26:10.892" level="INFO">${username} = John</msg>
<status status="PASS" starttime="20191027 16:26:10.892" endtime="20191027 16:26:10.892"></status>
</kw>
<kw name="Set Variable" library="BuiltIn">
<doc>Returns the given values which can then be assigned to a variables.</doc>
<arguments>
<arg>welcome1</arg>
</arguments>
<assign>
<var>${password}</var>
</assign>
<msg timestamp="20191027 16:26:10.893" level="INFO">${password} = welcome1</msg>
<status status="PASS" starttime="20191027 16:26:10.893" endtime="20191027 16:26:10.893"></status>
</kw>
<kw name="Log" library="BuiltIn">
<doc>Logs the given message with the given level.</doc>
<arguments>
<arg>Hello${username}and ${password}</arg>
</arguments>
<msg timestamp="20191027 16:26:10.894" level="INFO">HelloJohnand welcome1</msg>
<status status="PASS" starttime="20191027 16:26:10.893" endtime="20191027 16:26:10.894"></status>
</kw>
<kw name="Log" library="BuiltIn">
<doc>Logs the given message with the given level.</doc>
<arguments>
<arg>Hi${username}</arg>
</arguments>
<msg timestamp="20191027 16:26:10.894" level="INFO">HiJohn</msg>
<status status="PASS" starttime="20191027 16:26:10.894" endtime="20191027 16:26:10.894"></status>
</kw>
<kw name="Set Variable" library="BuiltIn">
<doc>Returns the given values which can then be assigned to a variables.</doc>
<arguments>
<arg>Mr J</arg>
</arguments>
<assign>
<var>${nickname}</var>
</assign>
<msg timestamp="20191027 16:26:10.895" level="INFO">${nickname} = Mr J</msg>
<status status="PASS" starttime="20191027 16:26:10.895" endtime="20191027 16:26:10.895"></status>
</kw>
<doc>This test casr for demo scalar
commentแบบ เป็นคำขยายความ
</doc>
<status status="PASS" starttime="20191027 16:26:10.891" endtime="20191027 16:26:10.895" critical="yes"></status>
</test>
<test id="s1-s1-t2" name="Demo List">
<kw name="Create List" library="BuiltIn">
<doc>Returns a list containing given items.</doc>
<arguments>
<arg>Iphone11</arg>
<arg>Android12</arg>
<arg>Windows phone</arg>
</arguments>
<assign>
<var>@{product name}</var>
</assign>
<msg timestamp="20191027 16:26:10.897" level="INFO">@{product name} = [ Iphone11 | Android12 | Windows phone ]</msg>
<status status="PASS" starttime="20191027 16:26:10.897" endtime="20191027 16:26:10.897"></status>
</kw>
<kw name="Log Many" library="BuiltIn">
<doc>Logs the given messages as separate entries using the INFO level.</doc>
<arguments>
<arg>@{product name}</arg>
</arguments>
<msg timestamp="20191027 16:26:10.898" level="INFO">Iphone11</msg>
<msg timestamp="20191027 16:26:10.898" level="INFO">Android12</msg>
<msg timestamp="20191027 16:26:10.898" level="INFO">Windows phone</msg>
<status status="PASS" starttime="20191027 16:26:10.897" endtime="20191027 16:26:10.898"></status>
</kw>
<kw name="Log" library="BuiltIn">
<doc>Logs the given message with the given level.</doc>
<arguments>
<arg>${product name[1]}</arg>
</arguments>
<msg timestamp="20191027 16:26:10.899" level="INFO">Android12</msg>
<status status="PASS" starttime="20191027 16:26:10.899" endtime="20191027 16:26:10.900"></status>
</kw>
<status status="PASS" starttime="20191027 16:26:10.896" endtime="20191027 16:26:10.900" critical="yes"></status>
</test>
<test id="s1-s1-t3" name="Demo Dictionary">
<kw name="Create Dictionary" library="BuiltIn">
<doc>Creates and returns a dictionary based on the given ``items``.</doc>
<arguments>
<arg>username=John1</arg>
<arg>password=welcome1</arg>
</arguments>
<assign>
<var>&amp;{user1}</var>
</assign>
<msg timestamp="20191027 16:26:10.905" level="INFO">&amp;{user1} = { username=John1 | password=welcome1 }</msg>
<status status="PASS" starttime="20191027 16:26:10.905" endtime="20191027 16:26:10.905"></status>
</kw>
<kw name="Create Dictionary" library="BuiltIn">
<doc>Creates and returns a dictionary based on the given ``items``.</doc>
<arguments>
<arg>username=Mary</arg>
<arg>password=welcome2</arg>
</arguments>
<assign>
<var>&amp;{user2}</var>
</assign>
<msg timestamp="20191027 16:26:10.905" level="INFO">&amp;{user2} = { username=Mary | password=welcome2 }</msg>
<status status="PASS" starttime="20191027 16:26:10.905" endtime="20191027 16:26:10.905"></status>
</kw>
<kw name="Log" library="BuiltIn">
<doc>Logs the given message with the given level.</doc>
<arguments>
<arg>${user1.username}</arg>
</arguments>
<msg timestamp="20191027 16:26:10.906" level="INFO">John1</msg>
<status status="PASS" starttime="20191027 16:26:10.906" endtime="20191027 16:26:10.906"></status>
</kw>
<kw name="Log" library="BuiltIn">
<doc>Logs the given message with the given level.</doc>
<arguments>
<arg>${user2.username}</arg>
</arguments>
<msg timestamp="20191027 16:26:10.906" level="INFO">Mary</msg>
<status status="PASS" starttime="20191027 16:26:10.906" endtime="20191027 16:26:10.906"></status>
</kw>
<status status="PASS" starttime="20191027 16:26:10.901" endtime="20191027 16:26:10.907" critical="yes"></status>
</test>
<status status="PASS" starttime="20191027 16:26:10.889" endtime="20191027 16:26:10.909"></status>
</suite>
<status status="PASS" starttime="20191027 16:26:10.857" endtime="20191027 16:26:10.914"></status>
</suite>
<statistics>
<total>
<stat pass="3" fail="0">Critical Tests</stat>
<stat pass="3" fail="0">All Tests</stat>
</total>
<tag>
</tag>
<suite>
<stat pass="3" fail="0" id="s1" name="Workshop-Day1">Workshop-Day1</stat>
<stat pass="3" fail="0" id="s1-s1" name="Demo Variable">Workshop-Day1.Demo Variable</stat>
</suite>
</statistics>
<errors>
</errors>
</robot>
